<?xml version="1.0" encoding="UTF-8"?>
<!-- Generated by org.testng.reporters.JUnitReportReporter -->
<testsuite hostname="CIPL-PC195" name="com.auto.tests.TC_Registration_01" tests="1" failures="0" timestamp="31 Jul 2019 09:12:49 GMT" time="23.371" errors="0">
  <testcase name="registrationShop" time="23.371" classname="com.auto.tests.TC_Registration_01"/>
</testsuite> <!-- com.auto.tests.TC_Registration_01 -->
